Last login: Fri Mar  8 18:15:00 on ttys000
baraas-MacBook-Air:~ baraaalsafady$ npm install protractor
npm WARN saveError ENOENT: no such file or directory, open '/Users/baraaalsafady/package.json'
npm WARN enoent ENOENT: no such file or directory, open '/Users/baraaalsafady/package.json'
npm WARN baraaalsafady No description
npm WARN baraaalsafady No repository field.
npm WARN baraaalsafady No README data
npm WARN baraaalsafady No license field.

+ protractor@5.4.2
added 124 packages from 185 contributors in 119.888s
baraas-MacBook-Air:~ baraaalsafady$ webdriver-manager update

[18:28:08] I/file_manager - creating folder /usr/local/lib/node_modules/protractor/node_modules/webdriver-manager/selenium
fs.js:119
    throw err;
    ^

Error: EACCES: permission denied, mkdir '/usr/local/lib/node_modules/protractor/node_modules/webdriver-manager/selenium'
    at Object.mkdirSync (fs.js:773:3)
    at Function.makeOutputDirectory (/usr/local/lib/node_modules/protractor/node_modules/webdriver-manager/built/lib/files/file_manager.js:27:16)
    at Program.update [as runMethod] (/usr/local/lib/node_modules/protractor/node_modules/webdriver-manager/built/lib/cmds/update.js:105:29)
    at Program.run (/usr/local/lib/node_modules/protractor/node_modules/webdriver-manager/built/lib/cli/programs.js:61:37)
    at Object.<anonymous> (/usr/local/lib/node_modules/protractor/node_modules/webdriver-manager/built/lib/webdriver.js:16:45)
    at Module._compile (internal/modules/cjs/loader.js:799:30)
    at Object.Module._extensions..js (internal/modules/cjs/loader.js:810:10)
    at Module.load (internal/modules/cjs/loader.js:666:32)
    at tryModuleLoad (internal/modules/cjs/loader.js:606:12)
    at Function.Module._load (internal/modules/cjs/loader.js:598:3)
baraas-MacBook-Air:~ baraaalsafady$ 
baraas-MacBook-Air:~ baraaalsafady$ 
baraas-MacBook-Air:~ baraaalsafady$ 
baraas-MacBook-Air:~ baraaalsafady$ 
baraas-MacBook-Air:~ baraaalsafady$ webdriver-manager update
[18:32:42] I/file_manager - creating folder /usr/local/lib/node_modules/protractor/node_modules/webdriver-manager/selenium
fs.js:119
    throw err;
    ^

Error: EACCES: permission denied, mkdir '/usr/local/lib/node_modules/protractor/node_modules/webdriver-manager/selenium'
    at Object.mkdirSync (fs.js:773:3)
    at Function.makeOutputDirectory (/usr/local/lib/node_modules/protractor/node_modules/webdriver-manager/built/lib/files/file_manager.js:27:16)
    at Program.update [as runMethod] (/usr/local/lib/node_modules/protractor/node_modules/webdriver-manager/built/lib/cmds/update.js:105:29)
    at Program.run (/usr/local/lib/node_modules/protractor/node_modules/webdriver-manager/built/lib/cli/programs.js:61:37)
    at Object.<anonymous> (/usr/local/lib/node_modules/protractor/node_modules/webdriver-manager/built/lib/webdriver.js:16:45)
    at Module._compile (internal/modules/cjs/loader.js:799:30)
    at Object.Module._extensions..js (internal/modules/cjs/loader.js:810:10)
    at Module.load (internal/modules/cjs/loader.js:666:32)
    at tryModuleLoad (internal/modules/cjs/loader.js:606:12)
    at Function.Module._load (internal/modules/cjs/loader.js:598:3)
baraas-MacBook-Air:~ baraaalsafady$ npm install -g protractor
npm WARN checkPermissions Missing write access to /usr/local/lib/node_modules/protractor
npm WARN checkPermissions Missing write access to /usr/local/lib/node_modules
npm ERR! path /usr/local/lib/node_modules/protractor
npm ERR! code EACCES
npm ERR! errno -13
npm ERR! syscall access
npm ERR! Error: EACCES: permission denied, access '/usr/local/lib/node_modules/protractor'
npm ERR!  { [Error: EACCES: permission denied, access '/usr/local/lib/node_modules/protractor']
npm ERR!   stack:
npm ERR!    "Error: EACCES: permission denied, access '/usr/local/lib/node_modules/protractor'",
npm ERR!   errno: -13,
npm ERR!   code: 'EACCES',
npm ERR!   syscall: 'access',
npm ERR!   path: '/usr/local/lib/node_modules/protractor' }
npm ERR! 
npm ERR! The operation was rejected by your operating system.
npm ERR! It is likely you do not have the permissions to access this file as the current user
npm ERR! 
npm ERR! If you believe this might be a permissions issue, please double-check the
npm ERR! permissions of the file and its containing directories, or try running
npm ERR! the command again as root/Administrator (though this is not recommended).

npm ERR! A complete log of this run can be found in:
npm ERR!     /Users/baraaalsafady/.npm/_logs/2019-03-08T16_35_46_034Z-debug.log
baraas-MacBook-Air:~ baraaalsafady$ webdriver-manager update
[18:35:57] I/file_manager - creating folder /usr/local/lib/node_modules/protractor/node_modules/webdriver-manager/selenium
fs.js:119
    throw err;
    ^

Error: EACCES: permission denied, mkdir '/usr/local/lib/node_modules/protractor/node_modules/webdriver-manager/selenium'
    at Object.mkdirSync (fs.js:773:3)
    at Function.makeOutputDirectory (/usr/local/lib/node_modules/protractor/node_modules/webdriver-manager/built/lib/files/file_manager.js:27:16)
    at Program.update [as runMethod] (/usr/local/lib/node_modules/protractor/node_modules/webdriver-manager/built/lib/cmds/update.js:105:29)
    at Program.run (/usr/local/lib/node_modules/protractor/node_modules/webdriver-manager/built/lib/cli/programs.js:61:37)
    at Object.<anonymous> (/usr/local/lib/node_modules/protractor/node_modules/webdriver-manager/built/lib/webdriver.js:16:45)
    at Module._compile (internal/modules/cjs/loader.js:799:30)
    at Object.Module._extensions..js (internal/modules/cjs/loader.js:810:10)
    at Module.load (internal/modules/cjs/loader.js:666:32)
    at tryModuleLoad (internal/modules/cjs/loader.js:606:12)
    at Function.Module._load (internal/modules/cjs/loader.js:598:3)
baraas-MacBook-Air:~ baraaalsafady$ webdriver-manager update
[18:36:11] I/file_manager - creating folder /usr/local/lib/node_modules/protractor/node_modules/webdriver-manager/selenium
fs.js:119
    throw err;
    ^

Error: EACCES: permission denied, mkdir '/usr/local/lib/node_modules/protractor/node_modules/webdriver-manager/selenium'
    at Object.mkdirSync (fs.js:773:3)
    at Function.makeOutputDirectory (/usr/local/lib/node_modules/protractor/node_modules/webdriver-manager/built/lib/files/file_manager.js:27:16)
    at Program.update [as runMethod] (/usr/local/lib/node_modules/protractor/node_modules/webdriver-manager/built/lib/cmds/update.js:105:29)
    at Program.run (/usr/local/lib/node_modules/protractor/node_modules/webdriver-manager/built/lib/cli/programs.js:61:37)
    at Object.<anonymous> (/usr/local/lib/node_modules/protractor/node_modules/webdriver-manager/built/lib/webdriver.js:16:45)
    at Module._compile (internal/modules/cjs/loader.js:799:30)
    at Object.Module._extensions..js (internal/modules/cjs/loader.js:810:10)
    at Module.load (internal/modules/cjs/loader.js:666:32)
    at tryModuleLoad (internal/modules/cjs/loader.js:606:12)
    at Function.Module._load (internal/modules/cjs/loader.js:598:3)
baraas-MacBook-Air:~ baraaalsafady$ webdriver-manager update
[18:36:15] I/file_manager - creating folder /usr/local/lib/node_modules/protractor/node_modules/webdriver-manager/selenium
fs.js:119
    throw err;
    ^

Error: EACCES: permission denied, mkdir '/usr/local/lib/node_modules/protractor/node_modules/webdriver-manager/selenium'
    at Object.mkdirSync (fs.js:773:3)
    at Function.makeOutputDirectory (/usr/local/lib/node_modules/protractor/node_modules/webdriver-manager/built/lib/files/file_manager.js:27:16)
    at Program.update [as runMethod] (/usr/local/lib/node_modules/protractor/node_modules/webdriver-manager/built/lib/cmds/update.js:105:29)
    at Program.run (/usr/local/lib/node_modules/protractor/node_modules/webdriver-manager/built/lib/cli/programs.js:61:37)
    at Object.<anonymous> (/usr/local/lib/node_modules/protractor/node_modules/webdriver-manager/built/lib/webdriver.js:16:45)
    at Module._compile (internal/modules/cjs/loader.js:799:30)
    at Object.Module._extensions..js (internal/modules/cjs/loader.js:810:10)
    at Module.load (internal/modules/cjs/loader.js:666:32)
    at tryModuleLoad (internal/modules/cjs/loader.js:606:12)
    at Function.Module._load (internal/modules/cjs/loader.js:598:3)
baraas-MacBook-Air:~ baraaalsafady$ 
baraas-MacBook-Air:~ baraaalsafady$ 
baraas-MacBook-Air:~ baraaalsafady$ 
baraas-MacBook-Air:~ baraaalsafady$ webdriver-manager start
[18:36:57] W/start - the out_dir path /usr/local/lib/node_modules/protractor/node_modules/webdriver-manager/selenium does not exist, run webdriver-manager update
baraas-MacBook-Air:~ baraaalsafady$ 
baraas-MacBook-Air:~ baraaalsafady$ 
baraas-MacBook-Air:~ baraaalsafady$ 
baraas-MacBook-Air:~ baraaalsafady$ 
baraas-MacBook-Air:~ baraaalsafady$ 
baraas-MacBook-Air:~ baraaalsafady$ npm install  protractor

npm WARN saveError ENOENT: no such file or directory, open '/Users/baraaalsafady/package.json'
npm WARN enoent ENOENT: no such file or directory, open '/Users/baraaalsafady/package.json'
npm WARN baraaalsafady No description
npm WARN baraaalsafady No repository field.
npm WARN baraaalsafady No README data
npm WARN baraaalsafady No license field.

⸨            ░░░░░░⸩ ⠋ postinstall: WARN baraaalsafady No license field.
⸨            ░░░░░░⸩ ⠋ postinstall: WARN baraaalsafady No license field.
+ protractor@5.4.2
updated 1 package in 11.259s
baraas-MacBook-Air:~ baraaalsafady$ 
baraas-MacBook-Air:~ baraaalsafady$ 
baraas-MacBook-Air:~ baraaalsafady$ 
baraas-MacBook-Air:~ baraaalsafady$ 
baraas-MacBook-Air:~ baraaalsafady$ 
baraas-MacBook-Air:~ baraaalsafady$ 
baraas-MacBook-Air:~ baraaalsafady$ $ npm install --save-dev protractor-cucumber-framework
-bash: $: command not found
baraas-MacBook-Air:~ baraaalsafady$  npm install --save-dev protractor-cucumber-framework
npm WARN saveError ENOENT: no such file or directory, open '/Users/baraaalsafady/package.json'
npm WARN enoent ENOENT: no such file or directory, open '/Users/baraaalsafady/package.json'
npm WARN protractor-cucumber-framework@6.1.1 requires a peer of cucumber@>= 1.3.0 but none is installed. You must install peer dependencies yourself.
npm WARN baraaalsafady No description
npm WARN baraaalsafady No repository field.
npm WARN baraaalsafady No README data
npm WARN baraaalsafady No license field.

+ protractor-cucumber-framework@6.1.1
added 3 packages from 17 contributors in 3.076s
baraas-MacBook-Air:~ baraaalsafady$ ls
Applications		Katalon Studio		Public
Desktop			Library			eclipse-workspace
Documents		Movies			node_modules
Downloads		Music			package-lock.json
Dropbox			Pictures
baraas-MacBook-Air:~ baraaalsafady$ cd Desktop/
baraas-MacBook-Air:Desktop baraaalsafady$ ls
QA & QC Plan NSIT Template .docx	e2e husam.zip
QA & QC Plan NSIT Template .pages	jenkins-2.150.3.pkg
apache-jmeter-5.0			localhost qa test
cypressTest				sample project
e2e
baraas-MacBook-Air:Desktop baraaalsafady$ cd sample\ project/
baraas-MacBook-Air:sample project baraaalsafady$ ls
conf.js			package 2.json		package.json
elements		package-lock 2.json	specs
node_modules		package-lock.json	support
baraas-MacBook-Air:sample project baraaalsafady$ echo $PATH
/usr/local/bin:/usr/bin:/bin:/usr/sbin:/sbin:/Library/Frameworks/Mono.framework/Versions/Current/Commands
baraas-MacBook-Air:sample project baraaalsafady$ 
baraas-MacBook-Air:sample project baraaalsafady$ 
baraas-MacBook-Air:sample project baraaalsafady$ 
baraas-MacBook-Air:sample project baraaalsafady$ 
baraas-MacBook-Air:sample project baraaalsafady$ npm update
  
baraas-MacBook-Air:sample project baraaalsafady$ 
baraas-MacBook-Air:sample project baraaalsafady$ npm update

baraas-MacBook-Air:sample project baraaalsafady$ 
baraas-MacBook-Air:sample project baraaalsafady$ npm -v
6.7.0
baraas-MacBook-Air:sample project baraaalsafady$ node modules install
internal/modules/cjs/loader.js:651
    throw err;
    ^

Error: Cannot find module '/Users/baraaalsafady/Desktop/sample project/modules'
    at Function.Module._resolveFilename (internal/modules/cjs/loader.js:649:15)
    at Function.Module._load (internal/modules/cjs/loader.js:575:25)
    at Function.Module.runMain (internal/modules/cjs/loader.js:862:12)
    at internal/main/run_main_module.js:21:11
baraas-MacBook-Air:sample project baraaalsafady$ 
baraas-MacBook-Air:sample project baraaalsafady$ 
baraas-MacBook-Air:sample project baraaalsafady$ 
baraas-MacBook-Air:sample project baraaalsafady$ 
baraas-MacBook-Air:sample project baraaalsafady$ 
baraas-MacBook-Air:sample project baraaalsafady$ 
baraas-MacBook-Air:sample project baraaalsafady$ ls
conf.js			package-lock.json	support
elements		package.json
node_modules		specs
baraas-MacBook-Air:sample project baraaalsafady$ protractor conf.js
[22:19:21] I/launcher - Running 1 instances of WebDriver
[22:19:21] I/direct - Using ChromeDriver directly...
[22:19:21] E/direct - Error code: 135
[22:19:21] E/direct - Error message: Could not find update-config.json. Run 'webdriver-manager update' to download binaries.
[22:19:21] E/direct - Error: Could not find update-config.json. Run 'webdriver-manager update' to download binaries.
    at Direct.getNewDriver (/usr/local/lib/node_modules/protractor/built/driverProviders/direct.js:63:31)
    at Runner.createBrowser (/usr/local/lib/node_modules/protractor/built/runner.js:195:43)
    at q.then.then (/usr/local/lib/node_modules/protractor/built/runner.js:339:29)
    at _fulfilled (/usr/local/lib/node_modules/protractor/node_modules/q/q.js:834:54)
    at /usr/local/lib/node_modules/protractor/node_modules/q/q.js:863:30
    at Promise.promise.promiseDispatch (/usr/local/lib/node_modules/protractor/node_modules/q/q.js:796:13)
    at /usr/local/lib/node_modules/protractor/node_modules/q/q.js:556:49
    at runSingle (/usr/local/lib/node_modules/protractor/node_modules/q/q.js:137:13)
    at flush (/usr/local/lib/node_modules/protractor/node_modules/q/q.js:125:13)
    at processTicksAndRejections (internal/process/next_tick.js:74:9)
[22:19:21] E/launcher - Process exited with error code 135
baraas-MacBook-Air:sample project baraaalsafady$ 'webdriver-manager update
> 'webdriver-manager update
-bash: webdriver-manager update
webdriver-manager: command not found
baraas-MacBook-Air:sample project baraaalsafady$ 
baraas-MacBook-Air:sample project baraaalsafady$ 
baraas-MacBook-Air:sample project baraaalsafady$ 
baraas-MacBook-Air:sample project baraaalsafady$ webdriver-manager update
[22:20:15] I/file_manager - creating folder /usr/local/lib/node_modules/protractor/node_modules/webdriver-manager/selenium
fs.js:119
    throw err;
    ^

Error: EACCES: permission denied, mkdir '/usr/local/lib/node_modules/protractor/node_modules/webdriver-manager/selenium'
    at Object.mkdirSync (fs.js:773:3)
    at Function.makeOutputDirectory (/usr/local/lib/node_modules/protractor/node_modules/webdriver-manager/built/lib/files/file_manager.js:27:16)
    at Program.update [as runMethod] (/usr/local/lib/node_modules/protractor/node_modules/webdriver-manager/built/lib/cmds/update.js:105:29)
    at Program.run (/usr/local/lib/node_modules/protractor/node_modules/webdriver-manager/built/lib/cli/programs.js:61:37)
    at Object.<anonymous> (/usr/local/lib/node_modules/protractor/node_modules/webdriver-manager/built/lib/webdriver.js:16:45)
    at Module._compile (internal/modules/cjs/loader.js:799:30)
    at Object.Module._extensions..js (internal/modules/cjs/loader.js:810:10)
    at Module.load (internal/modules/cjs/loader.js:666:32)
    at tryModuleLoad (internal/modules/cjs/loader.js:606:12)
    at Function.Module._load (internal/modules/cjs/loader.js:598:3)
baraas-MacBook-Air:sample project baraaalsafady$ 
baraas-MacBook-Air:sample project baraaalsafady$ 
baraas-MacBook-Air:sample project baraaalsafady$ 
baraas-MacBook-Air:sample project baraaalsafady$ 
baraas-MacBook-Air:sample project baraaalsafady$ protractor conf.js
[22:20:27] I/launcher - Running 1 instances of WebDriver
[22:20:27] I/direct - Using ChromeDriver directly...
[22:20:27] E/direct - Error code: 135
[22:20:27] E/direct - Error message: Could not find update-config.json. Run 'webdriver-manager update' to download binaries.
[22:20:27] E/direct - Error: Could not find update-config.json. Run 'webdriver-manager update' to download binaries.
    at Direct.getNewDriver (/usr/local/lib/node_modules/protractor/built/driverProviders/direct.js:63:31)
    at Runner.createBrowser (/usr/local/lib/node_modules/protractor/built/runner.js:195:43)
    at q.then.then (/usr/local/lib/node_modules/protractor/built/runner.js:339:29)
    at _fulfilled (/usr/local/lib/node_modules/protractor/node_modules/q/q.js:834:54)
    at /usr/local/lib/node_modules/protractor/node_modules/q/q.js:863:30
    at Promise.promise.promiseDispatch (/usr/local/lib/node_modules/protractor/node_modules/q/q.js:796:13)
    at /usr/local/lib/node_modules/protractor/node_modules/q/q.js:556:49
    at runSingle (/usr/local/lib/node_modules/protractor/node_modules/q/q.js:137:13)
    at flush (/usr/local/lib/node_modules/protractor/node_modules/q/q.js:125:13)
    at processTicksAndRejections (internal/process/next_tick.js:74:9)
[22:20:27] E/launcher - Process exited with error code 135
baraas-MacBook-Air:sample project baraaalsafady$ npm test

> sample-project@1.0.0 test /Users/baraaalsafady/Desktop/sample project
> protractor conf.js

[22:20:34] I/launcher - Running 1 instances of WebDriver
[22:20:34] I/direct - Using ChromeDriver directly...
[22:20:34] E/direct - Error code: 135
[22:20:34] E/direct - Error message: Could not find update-config.json. Run 'webdriver-manager update' to download binaries.
[22:20:34] E/direct - Error: Could not find update-config.json. Run 'webdriver-manager update' to download binaries.
    at Direct.getNewDriver (/usr/local/lib/node_modules/protractor/built/driverProviders/direct.js:63:31)
    at Runner.createBrowser (/usr/local/lib/node_modules/protractor/built/runner.js:195:43)
    at q.then.then (/usr/local/lib/node_modules/protractor/built/runner.js:339:29)
    at _fulfilled (/usr/local/lib/node_modules/protractor/node_modules/q/q.js:834:54)
    at /usr/local/lib/node_modules/protractor/node_modules/q/q.js:863:30
    at Promise.promise.promiseDispatch (/usr/local/lib/node_modules/protractor/node_modules/q/q.js:796:13)
    at /usr/local/lib/node_modules/protractor/node_modules/q/q.js:556:49
    at runSingle (/usr/local/lib/node_modules/protractor/node_modules/q/q.js:137:13)
    at flush (/usr/local/lib/node_modules/protractor/node_modules/q/q.js:125:13)
    at processTicksAndRejections (internal/process/next_tick.js:74:9)
[22:20:34] E/launcher - Process exited with error code 135
npm ERR! Test failed.  See above for more details.
baraas-MacBook-Air:sample project baraaalsafady$ cd ..
baraas-MacBook-Air:Desktop baraaalsafady$ ls
QA & QC Plan NSIT Template .docx	e2e husam.zip
QA & QC Plan NSIT Template .pages	jenkins-2.150.3.pkg
apache-jmeter-5.0			localhost qa test
cypressTest				sample project
e2e
baraas-MacBook-Air:Desktop baraaalsafady$ cd e2e
baraas-MacBook-Air:e2e baraaalsafady$ ls
untitled folder
baraas-MacBook-Air:e2e baraaalsafady$ cd untitled\ folder/
baraas-MacBook-Air:untitled folder baraaalsafady$ ls
elements			package.json
helpers				sample_products.csv
newUserConf.js			sample_products_errors.csv
oldUserConf.js			specs
package-lock.json
baraas-MacBook-Air:untitled folder baraaalsafady$ protractor newUserConf.js 
[22:22:18] I/launcher - Running 1 instances of WebDriver
[22:22:18] I/direct - Using ChromeDriver directly...
[22:22:18] E/direct - Error code: 135
[22:22:18] E/direct - Error message: Could not find update-config.json. Run 'webdriver-manager update' to download binaries.
[22:22:18] E/direct - Error: Could not find update-config.json. Run 'webdriver-manager update' to download binaries.
    at Direct.getNewDriver (/usr/local/lib/node_modules/protractor/built/driverProviders/direct.js:63:31)
    at Runner.createBrowser (/usr/local/lib/node_modules/protractor/built/runner.js:195:43)
    at q.then.then (/usr/local/lib/node_modules/protractor/built/runner.js:339:29)
    at _fulfilled (/usr/local/lib/node_modules/protractor/node_modules/q/q.js:834:54)
    at /usr/local/lib/node_modules/protractor/node_modules/q/q.js:863:30
    at Promise.promise.promiseDispatch (/usr/local/lib/node_modules/protractor/node_modules/q/q.js:796:13)
    at /usr/local/lib/node_modules/protractor/node_modules/q/q.js:556:49
    at runSingle (/usr/local/lib/node_modules/protractor/node_modules/q/q.js:137:13)
    at flush (/usr/local/lib/node_modules/protractor/node_modules/q/q.js:125:13)
    at processTicksAndRejections (internal/process/next_tick.js:74:9)
[22:22:18] E/launcher - Process exited with error code 135
baraas-MacBook-Air:untitled folder baraaalsafady$ npm run update-webdriver 
npm ERR! missing script: update-webdriver

npm ERR! A complete log of this run can be found in:
npm ERR!     /Users/baraaalsafady/.npm/_logs/2019-03-08T20_26_16_976Z-debug.log
baraas-MacBook-Air:untitled folder baraaalsafady$ npm run update-webdriver 
npm ERR! missing script: update-webdriver

npm ERR! A complete log of this run can be found in:
npm ERR!     /Users/baraaalsafady/.npm/_logs/2019-03-08T20_26_22_755Z-debug.log
baraas-MacBook-Air:untitled folder baraaalsafady$ ls
elements			package.json
helpers				sample_products.csv
newUserConf.js			sample_products_errors.csv
oldUserConf.js			specs
package-lock.json
baraas-MacBook-Air:untitled folder baraaalsafady$ ./node_modules/protractor/bin/webdriver-manager update --versions.chrome 2.35
-bash: ./node_modules/protractor/bin/webdriver-manager: No such file or directory
baraas-MacBook-Air:untitled folder baraaalsafady$ 
baraas-MacBook-Air:untitled folder baraaalsafady$ ./node_modules/protractor/node_modules/webdriver-manager/bin/webdriver-manager update
-bash: ./node_modules/protractor/node_modules/webdriver-manager/bin/webdriver-manager: No such file or directory
baraas-MacBook-Air:untitled folder baraaalsafady$ ./node_modules/protractor/node_modules/webcd driver-manager/bin/webdriver-manager update
-bash: ./node_modules/protractor/node_modules/webcd: No such file or directory
baraas-MacBook-Air:untitled folder baraaalsafady$ 
baraas-MacBook-Air:untitled folder baraaalsafady$ 
baraas-MacBook-Air:untitled folder baraaalsafady$ 
baraas-MacBook-Air:untitled folder baraaalsafady$ 
baraas-MacBook-Air:untitled folder baraaalsafady$ 
baraas-MacBook-Air:untitled folder baraaalsafady$ cd ..
baraas-MacBook-Air:e2e baraaalsafady$ cd ..
baraas-MacBook-Air:Desktop baraaalsafady$ ls
QA & QC Plan NSIT Template .docx	e2e husam.zip
QA & QC Plan NSIT Template .pages	jenkins-2.150.3.pkg
apache-jmeter-5.0			localhost qa test
cypressTest				sample project
e2e
baraas-MacBook-Air:Desktop baraaalsafady$ sd sample\ project/
-bash: sd: command not found
baraas-MacBook-Air:Desktop baraaalsafady$ ls
QA & QC Plan NSIT Template .docx	e2e husam.zip
QA & QC Plan NSIT Template .pages	jenkins-2.150.3.pkg
apache-jmeter-5.0			localhost qa test
cypressTest				sample project
e2e
baraas-MacBook-Air:Desktop baraaalsafady$ npm install
npm WARN saveError ENOENT: no such file or directory, open '/Users/baraaalsafady/package.json'
npm WARN enoent ENOENT: no such file or directory, open '/Users/baraaalsafady/package.json'
npm WARN protractor-cucumber-framework@6.1.1 requires a peer of cucumber@>= 1.3.0 but none is installed. You must install peer dependencies yourself.
npm WARN baraaalsafady No description
npm WARN baraaalsafady No repository field.
npm WARN baraaalsafady No README data
npm WARN baraaalsafady No license field.

up to date in 2.85s
baraas-MacBook-Air:Desktop baraaalsafady$ webdriver-manager start
[22:33:56] W/start - the out_dir path /usr/local/lib/node_modules/protractor/node_modules/webdriver-manager/selenium does not exist, run webdriver-manager update
baraas-MacBook-Air:Desktop baraaalsafady$ webdriver-manager update
[22:34:17] I/file_manager - creating folder /usr/local/lib/node_modules/protractor/node_modules/webdriver-manager/selenium
fs.js:119
    throw err;
    ^

Error: EACCES: permission denied, mkdir '/usr/local/lib/node_modules/protractor/node_modules/webdriver-manager/selenium'
    at Object.mkdirSync (fs.js:773:3)
    at Function.makeOutputDirectory (/usr/local/lib/node_modules/protractor/node_modules/webdriver-manager/built/lib/files/file_manager.js:27:16)
    at Program.update [as runMethod] (/usr/local/lib/node_modules/protractor/node_modules/webdriver-manager/built/lib/cmds/update.js:105:29)
    at Program.run (/usr/local/lib/node_modules/protractor/node_modules/webdriver-manager/built/lib/cli/programs.js:61:37)
    at Object.<anonymous> (/usr/local/lib/node_modules/protractor/node_modules/webdriver-manager/built/lib/webdriver.js:16:45)
    at Module._compile (internal/modules/cjs/loader.js:799:30)
    at Object.Module._extensions..js (internal/modules/cjs/loader.js:810:10)
    at Module.load (internal/modules/cjs/loader.js:666:32)
    at tryModuleLoad (internal/modules/cjs/loader.js:606:12)
    at Function.Module._load (internal/modules/cjs/loader.js:598:3)
baraas-MacBook-Air:Desktop baraaalsafady$ webdriver-manager updanpm run webdriver-update



Usage: webdriver-manager <command> [options]

Commands:
  clean      removes all downloaded driver files from the out_dir
  start      start up the selenium server
  shutdown   shut down the selenium server
  status     list the current available drivers
  update     install or update selected binaries
  version    get the current version

Options:
  --out_dir                   Location to output/expect                                                                                                            [default: /usr/local/lib/node_modules/protractor/node_modules/webdriver-manager/selenium]
  --seleniumPort              Optional port for the selenium standalone server                                                                                     [default: 4444]
  --appium-port               Optional port for the appium server                                                                                                  [default: 4723]
  --avd-port                  Optional port for android virtual devices.  See mobile.md for details                                                                [default: 5554]
  --versions.standalone       Optional seleniuim standalone server version (use 'latest' to get the most recent version)                                           [default: latest]
  --versions.chrome           Optional chrome driver version (use 'latest' to get the most recent version)                                                         [default: latest]
  --versions.gecko            Optional gecko driver version                                                                                                        [default: latest]
  --versions.android          Optional android sdk version                                                                                                         [default: 24.4.1]
  --versions.appium           Optional appium version                                                                                                              [default: 1.6.5]
  --chrome_logs               File path to chrome logs
  --logging                   File path to logging properties file
  --android                   Update/use the android sdk
  --avds                      Android virtual devices to emulate.  Use "all" for emulating all possible devices, and "none" for no devices                         [default: all]
  --avd-use-snapshots         Rather than booting a new AVD every time, save/load snapshots of the last time it was used                                           [default: true]
  --started-signifier         A string to be outputted once the selenium server is up and running.  Useful if you are writing a script which uses webdriver-manager.
  --signal-via-ipc            If you are using --started-signifier, this flag will emit the signal string using process.send(), rather than writing it to stdout
  --quiet                     Minimal console output
  --detach                    Once the selenium server is up and running, return control to the parent process and continue running the server in the background.
  --ios                       Update the iOS sdk
  --already-off-error         Normally if you try to shut down a selenium which is not running, you will get a warning.  This turns it into an error
  --verbose                   Extra console output
  --ignore_ssl                Ignore SSL certificates
  --proxy                     Proxy to use for the install or update command
  --alternate_cdn             Alternate CDN to binaries
  --standalone                Install or update selenium standalone                                                                                                [default: true]
  --chrome                    Install or update chromedriver                                                                                                       [default: true]
  --gecko                     Install or update geckodriver                                                                                                        [default: true]
  --android-api-levels        Which versions of the android API you want to emulate                                                                                [default: 24]
  --android-archs             Which architectures you want to use in android emulation.  By default it will try to match os.arch()                                 [default: x86_64]
  --android-platorms          Which platforms you want to use in android emulation                                                                                 [default: google_apis]
  --android-accept-licenses   Automatically accept android licenses
baraas-MacBook-Air:Desktop baraaalsafady$ 
baraas-MacBook-Air:Desktop baraaalsafady$ 
baraas-MacBook-Air:Desktop baraaalsafady$ 
baraas-MacBook-Air:Desktop baraaalsafady$ npm run webdriver-update
npm ERR! path /Users/baraaalsafady/package.json
npm ERR! code ENOENT
npm ERR! errno -2
npm ERR! syscall open
npm ERR! enoent ENOENT: no such file or directory, open '/Users/baraaalsafady/package.json'
npm ERR! enoent This is related to npm not being able to find a file.
npm ERR! enoent 

npm ERR! A complete log of this run can be found in:
npm ERR!     /Users/baraaalsafady/.npm/_logs/2019-03-08T20_36_58_561Z-debug.log
baraas-MacBook-Air:Desktop baraaalsafady$ protractor newUserConf.js 
[22:37:43] E/configParser - Error code: 105
[22:37:43] E/configParser - Error message: failed loading configuration file newUserConf.js
[22:37:43] E/configParser - Error: Cannot find module '/Users/baraaalsafady/Desktop/newUserConf.js'
    at Function.Module._resolveFilename (internal/modules/cjs/loader.js:649:15)
    at Function.Module._load (internal/modules/cjs/loader.js:575:25)
    at Module.require (internal/modules/cjs/loader.js:705:19)
    at require (internal/modules/cjs/helpers.js:14:16)
    at ConfigParser.addFileConfig (/usr/local/lib/node_modules/protractor/built/configParser.js:135:26)
    at Object.initFn [as init] (/usr/local/lib/node_modules/protractor/built/launcher.js:93:22)
    at Object.<anonymous> (/usr/local/lib/node_modules/protractor/built/cli.js:226:10)
    at Module._compile (internal/modules/cjs/loader.js:799:30)
    at Object.Module._extensions..js (internal/modules/cjs/loader.js:810:10)
    at Module.load (internal/modules/cjs/loader.js:666:32)
baraas-MacBook-Air:Desktop baraaalsafady$ protractor newUserConf.js 
[22:37:53] E/configParser - Error code: 105
[22:37:53] E/configParser - Error message: failed loading configuration file newUserConf.js
[22:37:53] E/configParser - Error: Cannot find module '/Users/baraaalsafady/Desktop/newUserConf.js'
    at Function.Module._resolveFilename (internal/modules/cjs/loader.js:649:15)
    at Function.Module._load (internal/modules/cjs/loader.js:575:25)
    at Module.require (internal/modules/cjs/loader.js:705:19)
    at require (internal/modules/cjs/helpers.js:14:16)
    at ConfigParser.addFileConfig (/usr/local/lib/node_modules/protractor/built/configParser.js:135:26)
    at Object.initFn [as init] (/usr/local/lib/node_modules/protractor/built/launcher.js:93:22)
    at Object.<anonymous> (/usr/local/lib/node_modules/protractor/built/cli.js:226:10)
    at Module._compile (internal/modules/cjs/loader.js:799:30)
    at Object.Module._extensions..js (internal/modules/cjs/loader.js:810:10)
    at Module.load (internal/modules/cjs/loader.js:666:32)
baraas-MacBook-Air:Desktop baraaalsafady$ java -version
java version "11.0.2" 2019-01-15 LTS
Java(TM) SE Runtime Environment 18.9 (build 11.0.2+9-LTS)
Java HotSpot(TM) 64-Bit Server VM 18.9 (build 11.0.2+9-LTS, mixed mode)
baraas-MacBook-Air:Desktop baraaalsafady$ npm -version
6.7.0
baraas-MacBook-Air:Desktop baraaalsafady$ protractor --version
Version 5.4.2
baraas-MacBook-Air:Desktop baraaalsafady$ npm install -g protractor
npm WARN checkPermissions Missing write access to /usr/local/lib/node_modules/protractor
npm WARN checkPermissions Missing write access to /usr/local/lib/node_modules
npm ERR! path /usr/local/lib/node_modules/protractor
npm ERR! code EACCES
npm ERR! errno -13
npm ERR! syscall access
npm ERR! Error: EACCES: permission denied, access '/usr/local/lib/node_modules/protractor'
npm ERR!  { [Error: EACCES: permission denied, access '/usr/local/lib/node_modules/protractor']
npm ERR!   stack:
npm ERR!    "Error: EACCES: permission denied, access '/usr/local/lib/node_modules/protractor'",
npm ERR!   errno: -13,
npm ERR!   code: 'EACCES',
npm ERR!   syscall: 'access',
npm ERR!   path: '/usr/local/lib/node_modules/protractor' }
npm ERR! 
npm ERR! The operation was rejected by your operating system.
npm ERR! It is likely you do not have the permissions to access this file as the current user
npm ERR! 
npm ERR! If you believe this might be a permissions issue, please double-check the
npm ERR! permissions of the file and its containing directories, or try running
npm ERR! the command again as root/Administrator (though this is not recommended).

npm ERR! A complete log of this run can be found in:
npm ERR!     /Users/baraaalsafady/.npm/_logs/2019-03-08T20_54_20_396Z-debug.log
baraas-MacBook-Air:Desktop baraaalsafady$ 
baraas-MacBook-Air:Desktop baraaalsafady$ echo $PATH
/usr/local/bin:/usr/bin:/bin:/usr/sbin:/sbin:/Library/Frameworks/Mono.framework/Versions/Current/Commands
baraas-MacBook-Air:Desktop baraaalsafady$ id -un
baraaalsafady
baraas-MacBook-Air:Desktop baraaalsafady$ echo $PATH
/usr/local/bin:/usr/bin:/bin:/usr/sbin:/sbin:/Library/Frameworks/Mono.framework/Versions/Current/Commands
baraas-MacBook-Air:Desktop baraaalsafady$ sudo nano /etc/paths
Password:

  GNU nano 2.0.6              File: /etc/paths                        Modified  

/usr/local/bin
/usr/bin
/bin
/usr/sbin
/sbin
/usr/local/lib/node_modules/protractor               














^G Get Help  ^O WriteOut  ^R Read File ^Y Prev Page ^K Cut Text  ^C Cur Pos
^X Exit      ^J Justify   ^W Where Is  ^V Next Page ^U UnCut Text^T To Spell
